Log file open, 10/19/18 17:26:40
LogWindows: Failed to load 'aqProf.dll' (GetLastError=126)
LogWindows: File 'aqProf.dll' does not exist
LogWindows: Failed to load 'VSPerf140.dll' (GetLastError=126)
LogWindows: File 'VSPerf140.dll' does not exist
LogWindows: Failed to load 'VtuneApi.dll' (GetLastError=126)
LogWindows: File 'VtuneApi.dll' does not exist
LogWindows: Failed to load 'VtuneApi32e.dll' (GetLastError=126)
LogWindows: File 'VtuneApi32e.dll' does not exist
LogInit: Display: Running engine for game: Textures
LogPlatformFile: Not using cached read wrapper
LogTaskGraph: Started task graph with 5 named threads and 20 total threads with 3 sets of task threads.
LogStats: Stats thread started at 0.232878
LogD3D11RHI: Loaded GFSDK_Aftermath_Lib.x64.dll
LogICUInternationalization: Display: ICU TimeZone Detection - Raw Offset: -7:00, Platform Override: ''
LogPluginManager: Mounting plugin Paper2D
LogPluginManager: Mounting plugin AISupport
LogPluginManager: Mounting plugin LightPropagationVolume
LogPluginManager: Mounting plugin CLionSourceCodeAccess
LogPluginManager: Mounting plugin CodeLiteSourceCodeAccess
LogPluginManager: Mounting plugin GitSourceControl
LogPluginManager: Mounting plugin KDevelopSourceCodeAccess
LogPluginManager: Mounting plugin NullSourceCodeAccess
LogPluginManager: Mounting plugin PerforceSourceControl
LogPluginManager: Mounting plugin SubversionSourceControl
LogPluginManager: Mounting plugin UObjectPlugin
LogPluginManager: Mounting plugin VisualStudioCodeSourceCodeAccess
LogPluginManager: Mounting plugin VisualStudioSourceCodeAccess
LogPluginManager: Mounting plugin XCodeSourceCodeAccess
LogPluginManager: Mounting plugin AssetManagerEditor
LogPluginManager: Mounting plugin CryptoKeys
LogPluginManager: Mounting plugin DataValidation
LogPluginManager: Mounting plugin FacialAnimation
LogPluginManager: Mounting plugin GameplayTagsEditor
LogPluginManager: Mounting plugin MacGraphicsSwitching
LogPluginManager: Mounting plugin MeshEditor
LogPluginManager: Mounting plugin MobileLauncherProfileWizard
LogPluginManager: Mounting plugin PluginBrowser
LogPluginManager: Mounting plugin SpeedTreeImporter
LogPluginManager: Mounting plugin DatasmithContent
LogPluginManager: Mounting plugin AlembicImporter
LogPluginManager: Mounting plugin AppleImageUtils
LogPluginManager: Mounting plugin AppleVision
LogPluginManager: Mounting plugin BackChannel
LogPluginManager: Mounting plugin CharacterAI
LogPluginManager: Mounting plugin GeometryCache
LogPluginManager: Mounting plugin HTML5Networking
LogPluginManager: Mounting plugin ProxyLODPlugin
LogPluginManager: Mounting plugin MagicLeap
LogPluginManager: Mounting plugin MagicLeapEmulator
LogPluginManager: Mounting plugin MagicLeapMedia
LogPluginManager: Mounting plugin AndroidMedia
LogPluginManager: Mounting plugin AvfMedia
LogPluginManager: Mounting plugin ImgMedia
LogPluginManager: Mounting plugin LinearTimecode
LogPluginManager: Mounting plugin MediaCompositing
LogPluginManager: Mounting plugin MediaPlayerEditor
LogPluginManager: Mounting plugin WmfMedia
LogPluginManager: Mounting plugin TcpMessaging
LogPluginManager: Mounting plugin UdpMessaging
LogPluginManager: Mounting plugin ActorSequence
LogPluginManager: Mounting plugin LevelSequenceEditor
LogPluginManager: Mounting plugin MatineeToLevelSequence
LogPluginManager: Mounting plugin NetcodeUnitTest
LogPluginManager: Mounting plugin NUTUnrealEngine4
LogPluginManager: Mounting plugin OnlineSubsystemGooglePlay
LogPluginManager: Mounting plugin OnlineSubsystemIOS
LogPluginManager: Mounting plugin OnlineSubsystem
LogPluginManager: Mounting plugin OnlineSubsystemNull
LogPluginManager: Mounting plugin OnlineSubsystemUtils
LogPluginManager: Mounting plugin LauncherChunkInstaller
LogPluginManager: Mounting plugin AndroidDeviceProfileSelector
LogPluginManager: Mounting plugin AndroidMoviePlayer
LogPluginManager: Mounting plugin AndroidPermission
LogPluginManager: Mounting plugin AppleMoviePlayer
LogPluginManager: Mounting plugin ArchVisCharacter
LogPluginManager: Mounting plugin AudioCapture
LogPluginManager: Mounting plugin CableComponent
LogPluginManager: Mounting plugin CustomMeshComponent
LogPluginManager: Mounting plugin EditableMesh
LogPluginManager: Mounting plugin ExampleDeviceProfileSelector
LogPluginManager: Mounting plugin GoogleCloudMessaging
LogPluginManager: Mounting plugin ImmediatePhysics
LogPluginManager: Mounting plugin IOSDeviceProfileSelector
LogPluginManager: Mounting plugin LinuxDeviceProfileSelector
LogPluginManager: Mounting plugin LocationServicesBPLibrary
LogPluginManager: Mounting plugin MobilePatchingUtils
LogPluginManager: Mounting plugin OculusVR
LogPluginManager: Plugin shader directory ../../../Engine/Plugins/Runtime/Oculus/OculusVR/Shaders found
LogPluginManager: Mapping shader source directory ../../../Engine/Plugins/Runtime/Oculus/OculusVR/Shaders to virtual directory /Plugin/OculusVR
LogPluginManager: Mounting plugin PhysXVehicles
LogPluginManager: Mounting plugin ProceduralMeshComponent
LogPluginManager: Mounting plugin RuntimePhysXCooking
LogPluginManager: Mounting plugin SteamVR
LogPluginManager: Mounting plugin WindowsMoviePlayer
LogStreaming: Display: Took  0.076s to configure plugins.
LogInit: Using libcurl 7.55.1-DEV
LogInit:  - built for x86_64-pc-win32
LogInit:  - supports SSL with OpenSSL/1.0.2h
LogInit:  - supports HTTP deflate (compression) using libz 1.2.8
LogInit:  - other features:
LogInit:      CURL_VERSION_SSL
LogInit:      CURL_VERSION_LIBZ
LogInit:      CURL_VERSION_IPV6
LogInit:      CURL_VERSION_ASYNCHDNS
LogInit:      CURL_VERSION_LARGEFILE
LogInit:      CURL_VERSION_IDN
LogInit:  CurlRequestOptions (configurable via config and command line):
LogInit:  - bVerifyPeer = false  - Libcurl will NOT verify peer certificate
LogInit:  - bUseHttpProxy = false  - Libcurl will NOT use HTTP proxy
LogInit:  - bDontReuseConnections = false  - Libcurl will reuse connections
LogInit:  - CertBundlePath = nullptr  - Libcurl will use whatever was configured at build time.
LogInit:  - MaxHostConnections = 16  - Libcurl will limit the number of connections to a host
LogInit:  - LocalHostAddr = Default
LogInit:  - BufferSize = 65536
LogInit: WinSock: version 1.1 (2.2), MaxSocks=32767, MaxUdp=65467
LogInit: Build: ++UE4+Release-4.20-CL-4302132
LogInit: Engine Version: 4.20.2-4302132+++UE4+Release-4.20
LogInit: Compatible Engine Version: 4.20.0-4212847+++UE4+Release-4.20
LogInit: Net CL: 4212847
LogInit: OS: Windows 10 (), CPU: Intel(R) Core(TM) i5-8600K CPU @ 3.60GHz, GPU: NVIDIA GeForce GTX 1060 6GB
LogInit: Compiled (64-bit): Aug 21 2018 02:06:06
LogInit: Compiled with Visual C++: 19.13.26129.00
LogInit: Build Configuration: Development
LogInit: Branch Name: ++UE4+Release-4.20
LogInit: Command Line:  
LogInit: Base Directory: I:/UE_4.20/Engine/Binaries/Win64/
LogInit: Installed Engine Build: 1
LogDevObjectVersion: Number of dev versions registered: 20
LogDevObjectVersion:   Dev-Blueprints (B0D832E4-1F89-4F0D-ACCF-7EB736FD4AA2): 10
LogDevObjectVersion:   Dev-Build (E1C64328-A22C-4D53-A36C-8E866417BD8C): 0
LogDevObjectVersion:   Dev-Core (375EC13C-06E4-48FB-B500-84F0262A717E): 2
LogDevObjectVersion:   Dev-Editor (E4B068ED-F494-42E9-A231-DA0B2E46BB41): 24
LogDevObjectVersion:   Dev-Framework (CFFC743F-43B0-4480-9391-14DF171D2073): 34
LogDevObjectVersion:   Dev-Mobile (B02B49B5-BB20-44E9-A304-32B752E40360): 2
LogDevObjectVersion:   Dev-Networking (A4E4105C-59A1-49B5-A7C5-40C4547EDFEE): 0
LogDevObjectVersion:   Dev-Online (39C831C9-5AE6-47DC-9A44-9C173E1C8E7C): 0
LogDevObjectVersion:   Dev-Physics (78F01B33-EBEA-4F98-B9B4-84EACCB95AA2): 0
LogDevObjectVersion:   Dev-Platform (6631380F-2D4D-43E0-8009-CF276956A95A): 0
LogDevObjectVersion:   Dev-Rendering (12F88B9F-8875-4AFC-A67C-D90C383ABD29): 26
LogDevObjectVersion:   Dev-Sequencer (7B5AE74C-D270-4C10-A958-57980B212A5A): 9
LogDevObjectVersion:   Dev-VR (D7296918-1DD6-4BDD-9DE2-64A83CC13884): 2
LogDevObjectVersion:   Dev-LoadTimes (C2A15278-BFE7-4AFE-6C17-90FF531DF755): 1
LogDevObjectVersion:   Private-Geometry (6EACA3D4-40EC-4CC1-B786-8BED09428FC5): 3
LogDevObjectVersion:   Dev-AnimPhys (29E575DD-E0A3-4627-9D10-D276232CDCEA): 17
LogDevObjectVersion:   Dev-ReflectionCapture (6B266CEC-1EC7-4B8F-A30B-E4D90942FC07): 1
LogDevObjectVersion:   Dev-Automation (0DF73D61-A23F-47EA-B727-89E90C41499A): 1
LogDevObjectVersion:   FortniteMain (601D1886-AC64-4F84-AA16-D3DE0DEAC7D6): 12
LogDevObjectVersion:   Dev-Enterprise (9DFFBCD6-494F-0158-E221-12823C92A888): 1
LogStreaming: Display: Took  0.000s to delete old logs.
LogInit: Presizing for max 8388607 objects, including 0 objects not considered by GC, pre-allocating 0 bytes for permanent pool.
LogInit: Object subsystem initialized
[2018.10.19-23.26.40:910][  0]LogInit: Selected Device Profile: [Windows]
[2018.10.19-23.26.40:910][  0]LogInit: Applying CVar settings loaded from the selected device profile: [Windows]
[2018.10.19-23.26.40:920][  0]LogHAL: Display: Platform has ~ 16 GB [17110999040 / 17179869184 / 16], which maps to Larger [LargestMinGB=32, LargerMinGB=12, DefaultMinGB=8, SmallerMinGB=6, SmallestMinGB=0)
[2018.10.19-23.26.40:920][  0]LogInit: Setting Device Profile CVar: [[r.Vulkan.UseRealUBs:1]]
[2018.10.19-23.26.40:920][  0]LogInit: Going up to parent DeviceProfile []
[2018.10.19-23.26.40:920][  0]LogInit: Computer: DESKTOP-S8JDRG2
[2018.10.19-23.26.40:920][  0]LogInit: User: garre
[2018.10.19-23.26.40:920][  0]LogInit: CPU Page size=4096, Cores=6
[2018.10.19-23.26.40:920][  0]LogInit: High frequency timer resolution =3.515627 MHz
[2018.10.19-23.26.40:920][  0]LogMemory: Memory total: Physical=15.9GB (16GB approx)
[2018.10.19-23.26.40:920][  0]LogMemory: Platform Memory Stats for Windows
[2018.10.19-23.26.40:920][  0]LogMemory: Process Physical Memory: 100.35 MB used, 100.35 MB peak
[2018.10.19-23.26.40:920][  0]LogMemory: Process Virtual Memory: 84.70 MB used, 84.70 MB peak
[2018.10.19-23.26.40:920][  0]LogMemory: Physical Memory: 5978.14 MB used,  10340.18 MB free, 16318.32 MB total
[2018.10.19-23.26.40:920][  0]LogMemory: Virtual Memory: 4634.71 MB used,  10340.18 MB free, 134217728.00 MB total
[2018.10.19-23.26.40:947][  0]LogInit: Using OS detected language (en-US).
[2018.10.19-23.26.40:947][  0]LogInit: Using OS detected locale (en-US).
[2018.10.19-23.26.40:947][  0]LogTextLocalizationManager: No specific localization for 'en-US' exists, so the 'en' localization will be used.
[2018.10.19-23.26.41:243][  0]LogStreaming: Display: Took  0.296s to InitEngineTextLocalization.
[2018.10.19-23.26.41:243][  0]LogInit: Setting process to per monitor DPI aware
[2018.10.19-23.26.41:274][  0]LogSlate: New Slate User Created.  User Index 0, Is Virtual User: 0
[2018.10.19-23.26.41:274][  0]LogSlate: Slate User Registered.  User Index 0, Is Virtual User: 0
[2018.10.19-23.26.41:613][  0]LogHMD: Failed to initialize OpenVR with code 110
[2018.10.19-23.26.41:613][  0]LogD3D11RHI: D3D11 adapters:
[2018.10.19-23.26.41:707][  0]LogD3D11RHI:    0. 'NVIDIA GeForce GTX 1060 6GB' (Feature Level 11_0)
[2018.10.19-23.26.41:707][  0]LogD3D11RHI:       6052/0/8159 MB DedicatedVideo/DedicatedSystem/SharedSystem, Outputs:2, VendorId:0x10de
[2018.10.19-23.26.41:709][  0]LogD3D11RHI:    1. 'Microsoft Basic Render Driver' (Feature Level 11_0)
[2018.10.19-23.26.41:709][  0]LogD3D11RHI:       0/0/8159 MB DedicatedVideo/DedicatedSystem/SharedSystem, Outputs:0, VendorId:0x1414
[2018.10.19-23.26.41:709][  0]LogD3D11RHI: Chosen D3D11 Adapter: 0
[2018.10.19-23.26.41:714][  0]LogD3D11RHI: Creating new Direct3DDevice
[2018.10.19-23.26.41:714][  0]LogD3D11RHI:     GPU DeviceId: 0x1c03 (for the marketing name, search the web for "GPU Device Id")
[2018.10.19-23.26.41:714][  0]LogWindows: EnumDisplayDevices:
[2018.10.19-23.26.41:714][  0]LogWindows:    0. 'NVIDIA GeForce GTX 1060 6GB' (P:1 D:1)
[2018.10.19-23.26.41:714][  0]LogWindows:    1. 'NVIDIA GeForce GTX 1060 6GB' (P:0 D:1)
[2018.10.19-23.26.41:714][  0]LogWindows:    2. 'NVIDIA GeForce GTX 1060 6GB' (P:0 D:0)
[2018.10.19-23.26.41:715][  0]LogWindows:    3. 'NVIDIA GeForce GTX 1060 6GB' (P:0 D:0)
[2018.10.19-23.26.41:715][  0]LogWindows: DebugString: FoundDriverCount:4 
[2018.10.19-23.26.41:715][  0]LogD3D11RHI:     Adapter Name: NVIDIA GeForce GTX 1060 6GB
[2018.10.19-23.26.41:715][  0]LogD3D11RHI:   Driver Version: 398.82 (internal:24.21.13.9882, unified:398.82)
[2018.10.19-23.26.41:715][  0]LogD3D11RHI:      Driver Date: 7-30-2018
[2018.10.19-23.26.41:715][  0]LogRHI: Texture pool is 4236 MB (70% of 6052 MB)
[2018.10.19-23.26.41:745][  0]LogD3D11RHI: Async texture creation enabled
[2018.10.19-23.26.41:764][  0]LogD3D11RHI: GPU Timing Frequency: 1000.000000 (Debug: 2 2)
[2018.10.19-23.26.41:861][  0]LogShaderCompilers: Guid format shader working directory is 6 characters bigger than the processId version (C:/Users/garre/Documents/GitHub/Texture/Intermediate/Shaders/WorkingDirectory/18956/).
[2018.10.19-23.26.41:861][  0]LogShaderCompilers: Cleaned the shader compiler working directory 'C:/Users/garre/AppData/Local/Temp/UnrealShaderWorkingDir/C30295B5489F5FD1A655FA9A976B70B6/'.
[2018.10.19-23.26.42:066][  0]LogTemp: Display: Loaded TP AllDesktopTargetPlatform
[2018.10.19-23.26.42:076][  0]LogTemp: Display: Loaded TP MacClientTargetPlatform
[2018.10.19-23.26.42:088][  0]LogTemp: Display: Loaded TP MacNoEditorTargetPlatform
[2018.10.19-23.26.42:098][  0]LogTemp: Display: Loaded TP MacServerTargetPlatform
[2018.10.19-23.26.42:109][  0]LogTemp: Display: Loaded TP MacTargetPlatform
[2018.10.19-23.26.42:119][  0]LogTemp: Display: Loaded TP WindowsClientTargetPlatform
[2018.10.19-23.26.42:130][  0]LogTemp: Display: Loaded TP WindowsNoEditorTargetPlatform
[2018.10.19-23.26.42:140][  0]LogTemp: Display: Loaded TP WindowsServerTargetPlatform
[2018.10.19-23.26.42:145][  0]LogTemp: Display: Loaded TP WindowsTargetPlatform
[2018.10.19-23.26.42:206][  0]LogTemp: Display: Loaded TP AndroidTargetPlatform
[2018.10.19-23.26.42:206][  0]LogTemp: Display: Loaded TP AndroidTargetPlatform
[2018.10.19-23.26.42:206][  0]LogTemp: Display: Loaded TP AndroidTargetPlatform
[2018.10.19-23.26.42:206][  0]LogTemp: Display: Loaded TP AndroidTargetPlatform
[2018.10.19-23.26.42:206][  0]LogTemp: Display: Loaded TP AndroidTargetPlatform
[2018.10.19-23.26.42:206][  0]LogTemp: Display: Loaded TP AndroidTargetPlatform
[2018.10.19-23.26.42:206][  0]LogTemp: Display: Loaded TP AndroidTargetPlatform
[2018.10.19-23.26.42:206][  0]LogTemp: Display: Loaded TP AndroidTargetPlatform
[2018.10.19-23.26.42:206][  0]LogTemp: Display: Loaded TP AndroidTargetPlatform
[2018.10.19-23.26.42:206][  0]LogTemp: Display: Loaded TP AndroidTargetPlatform
[2018.10.19-23.26.42:206][  0]LogTemp: Display: Loaded TP AndroidTargetPlatform
[2018.10.19-23.26.42:206][  0]LogTemp: Display: Loaded TP AndroidTargetPlatform
[2018.10.19-23.26.42:206][  0]LogTemp: Display: Loaded TP AndroidTargetPlatform
[2018.10.19-23.26.42:206][  0]LogTemp: Display: Loaded TP AndroidTargetPlatform
[2018.10.19-23.26.42:206][  0]LogTemp: Display: Loaded TP AndroidTargetPlatform
[2018.10.19-23.26.42:206][  0]LogTemp: Display: Loaded TP AndroidTargetPlatform
[2018.10.19-23.26.42:206][  0]LogTemp: Display: Loaded TP AndroidTargetPlatform
[2018.10.19-23.26.42:206][  0]LogTemp: Display: Loaded TP AndroidTargetPlatform
[2018.10.19-23.26.42:207][  0]LogTemp: Display: Loaded TP HTML5TargetPlatform
[2018.10.19-23.26.42:262][  0]LogTemp: Display: Loaded TP IOSTargetPlatform
[2018.10.19-23.26.42:262][  0]LogTemp: Display: Loaded TP IOSTargetPlatform
[2018.10.19-23.26.42:281][  0]LogTemp: Display: Loaded TP TVOSTargetPlatform
[2018.10.19-23.26.42:281][  0]LogTemp: Display: Loaded TP TVOSTargetPlatform
[2018.10.19-23.26.42:291][  0]LogTemp: Display: Loaded TP LinuxClientTargetPlatform
[2018.10.19-23.26.42:301][  0]LogTemp: Display: Loaded TP LinuxNoEditorTargetPlatform
[2018.10.19-23.26.42:311][  0]LogTemp: Display: Loaded TP LinuxServerTargetPlatform
[2018.10.19-23.26.42:322][  0]LogTemp: Display: Loaded TP LinuxTargetPlatform
[2018.10.19-23.26.42:330][  0]LogTemp: Display: Loaded TP LuminTargetPlatform
[2018.10.19-23.26.42:330][  0]LogTargetPlatformManager: Display: Building Assets For Windows
[2018.10.19-23.26.42:371][  0]LogXGEController: Cannot use XGE Controller as Incredibuild is not installed on this machine.
[2018.10.19-23.26.42:371][  0]LogShaderCompilers: Cannot use XGE Shader Compiler as Incredibuild is not installed on this machine.
[2018.10.19-23.26.42:371][  0]LogShaderCompilers: Display: Using Local Shader Compiler.
[2018.10.19-23.26.43:035][  0]LogDerivedDataCache: Display: Max Cache Size: 512 MB
[2018.10.19-23.26.43:080][  0]LogDerivedDataCache: Loaded boot cache 0.04s 71MB C:/Users/garre/AppData/Local/UnrealEngine/4.20/DerivedDataCache/Boot.ddc.
[2018.10.19-23.26.43:080][  0]LogDerivedDataCache: Display: Loaded Boot cache: C:/Users/garre/AppData/Local/UnrealEngine/4.20/DerivedDataCache/Boot.ddc
[2018.10.19-23.26.43:080][  0]LogDerivedDataCache: FDerivedDataBackendGraph:  Pak pak cache file C:/Users/garre/Documents/GitHub/Texture/DerivedDataCache/DDC.ddp not found, will not use a pak cache.
[2018.10.19-23.26.43:080][  0]LogDerivedDataCache: Unable to find inner node Pak for hierarchical cache Hierarchy.
[2018.10.19-23.26.43:080][  0]LogDerivedDataCache: FDerivedDataBackendGraph:  CompressedPak pak cache file C:/Users/garre/Documents/GitHub/Texture/DerivedDataCache/Compressed.ddp not found, will not use a pak cache.
[2018.10.19-23.26.43:080][  0]LogDerivedDataCache: Unable to find inner node CompressedPak for hierarchical cache Hierarchy.
[2018.10.19-23.26.43:091][  0]LogDerivedDataCache: Display: Pak cache opened for reading ../../../Engine/DerivedDataCache/Compressed.ddp.
[2018.10.19-23.26.43:103][  0]LogDerivedDataCache: Using Local data cache path C:/Users/garre/AppData/Local/UnrealEngine/Common/DerivedDataCache: Writable
[2018.10.19-23.26.43:103][  0]LogDerivedDataCache: Shared data cache path not found in *engine.ini, will not use an Shared cache.
[2018.10.19-23.26.43:103][  0]LogDerivedDataCache: Unable to find inner node Shared for hierarchical cache Hierarchy.
[2018.10.19-23.26.43:117][  0]LogMaterial: Verifying Global Shaders for PCD3D_SM5
[2018.10.19-23.26.43:118][  0]LogSlate: Using FreeType 2.6.0
[2018.10.19-23.26.43:119][  0]LogSlate: SlateFontServices - WITH_FREETYPE: 1, WITH_HARFBUZZ: 1
[2018.10.19-23.26.43:229][  0]LogAssetRegistry: FAssetRegistry took 0.0254 seconds to start up
[2018.10.19-23.26.43:478][  0]LogInit: Selected Device Profile: [Windows]
[2018.10.19-23.26.43:583][  0]LogSimplygon: Simplygon DLL not present - disabling.
[2018.10.19-23.26.43:586][  0]LogMeshReduction: Using SimplygonSwarm for distributed automatic mesh merging
[2018.10.19-23.26.43:586][  0]LogMeshReduction: Using ProxyLODMeshReduction for automatic mesh merging
[2018.10.19-23.26.43:586][  0]LogMeshReduction: Using QuadricMeshReduction for automatic static mesh reduction
[2018.10.19-23.26.43:586][  0]LogMeshReduction: No automatic skeletal mesh reduction module available
[2018.10.19-23.26.43:601][  0]LogNetVersion: Textures 1.0.0, NetCL: 4212847, EngineNetVer: 5, GameNetVer: 0 (Checksum: 1638751391)
[2018.10.19-23.26.44:021][  0]LogPackageLocalizationCache: Processed 11 localized package path(s) for 2 prioritized culture(s) in 0.068961 seconds
[2018.10.19-23.26.44:027][  0]LogUObjectArray: 38425 objects as part of root set at end of initial load.
[2018.10.19-23.26.44:027][  0]LogUObjectAllocator: 6690872 out of 0 bytes used by permanent object pool.
[2018.10.19-23.26.44:027][  0]LogUObjectArray: CloseDisregardForGC: 0/0 objects in disregard for GC pool
[2018.10.19-23.26.45:282][  0]LogTcpMessaging: Initializing TcpMessaging bridge
[2018.10.19-23.26.45:295][  0]LogUdpMessaging: Initializing bridge on interface 0.0.0.0:0 to multicast group 230.0.0.1:6666.
[2018.10.19-23.26.45:430][  0]SourceControl: Source control is disabled
[2018.10.19-23.26.45:430][  0]SourceControl: Source control is disabled
[2018.10.19-23.26.45:432][  0]SourceControl: Source control is disabled
[2018.10.19-23.26.45:433][  0]SourceControl: Source control is disabled
[2018.10.19-23.26.45:587][  0]LogAndroidPermission: UAndroidPermissionCallbackProxy::GetInstance
[2018.10.19-23.26.45:634][  0]LogOcInput: OculusInput pre-init called
[2018.10.19-23.26.45:684][  0]LogEngine: Initializing Engine...
[2018.10.19-23.26.45:684][  0]LogHMD: Failed to initialize OpenVR with code 110
[2018.10.19-23.26.45:685][  0]LogStats: UGameplayTagsManager::ConstructGameplayTagTree: ImportINI prefixes -  0.000 s
[2018.10.19-23.26.45:685][  0]LogStats: UGameplayTagsManager::ConstructGameplayTagTree: Construct from data asset -  0.000 s
[2018.10.19-23.26.45:685][  0]LogStats: UGameplayTagsManager::ConstructGameplayTagTree: ImportINI -  0.000 s
[2018.10.19-23.26.45:685][  0]LogStats: UGameplayTagsManager::ConstructGameplayTagTree: GameplayTagTreeChangedEvent.Broadcast -  0.000 s
[2018.10.19-23.26.45:863][  0]LogInit: Initializing FReadOnlyCVARCache
[2018.10.19-23.26.45:881][  0]LogAIModule: Creating AISystem for world Untitled
[2018.10.19-23.26.45:912][  0]LogInit: XAudio2 using 'Speakers (Realtek High Definition Audio)' : 2 channels at 48 kHz using 32 bits per sample (channel mask 0x3)
[2018.10.19-23.26.45:928][  0]LogInit: FAudioDevice initialized.
[2018.10.19-23.26.45:928][  0]LogNetVersion: Set ProjectVersion to 1.0.0.0. Version Checksum will be recalculated on next use.
[2018.10.19-23.26.46:224][  0]LogDerivedDataCache: Saved boot cache 0.30s 71MB C:/Users/garre/AppData/Local/UnrealEngine/4.20/DerivedDataCache/Boot.ddc.
[2018.10.19-23.26.46:230][  0]LogInit: Texture streaming: Enabled
[2018.10.19-23.26.46:242][  0]LogEngineSessionManager: EngineSessionManager initialized
[2018.10.19-23.26.46:252][  0]LogInit: Transaction tracking system initialized
[2018.10.19-23.26.46:266][  0]BlueprintLog: New page: Editor Load
[2018.10.19-23.26.46:317][  0]LocalizationService: Localization service is disabled
[2018.10.19-23.26.46:526][  0]LogCook: Display: Max memory allowance for cook 16384mb min free memory 0mb
[2018.10.19-23.26.46:526][  0]LogCook: Display: Mobile HDR setting 1
[2018.10.19-23.26.46:526][  0]LogGameplayTags: Display: UGameplayTagsManager::DoneAddingNativeTags. DelegateIsBound: 0
[2018.10.19-23.26.46:526][  0]LogStats: UGameplayTagsManager::ConstructGameplayTagTree: ImportINI prefixes -  0.000 s
[2018.10.19-23.26.46:526][  0]LogStats: UGameplayTagsManager::ConstructGameplayTagTree: Construct from data asset -  0.000 s
[2018.10.19-23.26.46:526][  0]LogStats: UGameplayTagsManager::ConstructGameplayTagTree: ImportINI -  0.000 s
[2018.10.19-23.26.46:526][  0]LogStats: UGameplayTagsManager::ConstructGameplayTagTree: GameplayTagTreeChangedEvent.Broadcast -  0.000 s
[2018.10.19-23.26.46:627][  0]LogFileCache: Scanning file cache for directory 'C:/Users/garre/Documents/GitHub/Texture/Content/' took 0.01s
[2018.10.19-23.26.46:627][  0]SourceControl: Source control is disabled
[2018.10.19-23.26.46:627][  0]Cmd: MAP LOAD FILE="C:/Users/garre/Documents/GitHub/Texture/Content/ThirdPersonBP/Maps/ThirdPersonExampleMap.umap" TEMPLATE=0 SHOWPROGRESS=1 FEATURELEVEL=3
[2018.10.19-23.26.46:628][  0]LightingResults: New page: Lighting Build
[2018.10.19-23.26.46:629][  0]MapCheck: New page: Map Check
[2018.10.19-23.26.46:629][  0]LightingResults: New page: Lighting Build
[2018.10.19-23.26.46:867][  0]LogTexture: Display: Building textures: black (AutoDXT, 2048X2048)
[2018.10.19-23.26.46:867][  0]LogTexture: Display: Building textures: WoodTexture004 (AutoDXT, 2048X2048)
[2018.10.19-23.26.47:748][  0]LogTexture: Display: Building textures: WoodTexture004Norm (BGRA8, 2299X2299)
[2018.10.19-23.26.47:748][  0]LogMaterial: Display: Missing cached shader map for material M_Wood, compiling. 
[2018.10.19-23.26.47:814][  0]LogShaderCompilers: Display: Shaders left to compile 22
[2018.10.19-23.26.47:814][  0]LogShaderCompilers: Display: Shaders left to compile 12
[2018.10.19-23.26.47:814][  0]LogShaderCompilers: Display: Shaders left to compile 2
[2018.10.19-23.26.47:814][  0]LogAIModule: Creating AISystem for world ThirdPersonExampleMap
[2018.10.19-23.26.47:840][  0]LogEditorServer: Finished looking for orphan Actors (0.000 secs)
[2018.10.19-23.26.47:877][  0]Cmd: MAP CHECKDEP NOCLEARLOG
[2018.10.19-23.26.47:969][  0]MapCheck: Map check complete: 0 Error(s), 0 Warning(s), took 91.005ms to complete.
[2018.10.19-23.26.47:969][  0]LogFileHelpers: Loading map 'ThirdPersonExampleMap' took 1.342
[2018.10.19-23.26.48:073][  0]LogSlate: Updating window title bar state: overlay mode, drag disabled, window buttons hidden, title bar hidden
[2018.10.19-23.26.48:079][  0]LogSlate: Updating window title bar state: overlay mode, drag disabled, window buttons hidden, title bar hidden
[2018.10.19-23.26.48:085][  0]LogSlate: Updating window title bar state: overlay mode, drag disabled, window buttons hidden, title bar hidden
[2018.10.19-23.26.48:091][  0]LogSlate: Updating window title bar state: overlay mode, drag disabled, window buttons hidden, title bar hidden
[2018.10.19-23.26.48:095][  0]LogCollectionManager: Loaded 0 collections in 0.000540 seconds
[2018.10.19-23.26.48:135][  0]LogFileCache: Scanning file cache for directory 'C:/Users/garre/Documents/GitHub/Texture/Saved/Collections/' took 0.01s
[2018.10.19-23.26.48:135][  0]LogFileCache: Scanning file cache for directory 'C:/Users/garre/Documents/GitHub/Texture/Content/Developers/garre/Collections/' took 0.01s
[2018.10.19-23.26.48:135][  0]LogFileCache: Scanning file cache for directory 'C:/Users/garre/Documents/GitHub/Texture/Content/Collections/' took 0.01s
[2018.10.19-23.26.48:135][  0]LogCollectionManager: Rebuilt the GUID cache for 0 collections in 0.000001 seconds
[2018.10.19-23.26.48:143][  0]LogContentBrowser: Native class hierarchy populated in 0.0070 seconds. Added 2572 classes and 603 folders.
[2018.10.19-23.26.48:153][  0]LogContentBrowser: Native class hierarchy updated for 'WidgetCarousel' in 0.0002 seconds. Added 0 classes and 0 folders.
[2018.10.19-23.26.48:208][  0]LogContentBrowser: Native class hierarchy updated for 'AddContentDialog' in 0.0002 seconds. Added 0 classes and 0 folders.
[2018.10.19-23.26.48:211][  0]LogContentBrowser: Native class hierarchy updated for 'SceneOutliner' in 0.0002 seconds. Added 1 classes and 2 folders.
[2018.10.19-23.26.48:253][  0]LogSlate: Took 0.000766 seconds to synchronously load lazily loaded font '../../../Engine/Content/Slate/Fonts/Roboto-Regular.ttf' (155K)
[2018.10.19-23.26.48:255][  0]LogSlate: Took 0.000795 seconds to synchronously load lazily loaded font '../../../Engine/Content/Slate/Fonts/Roboto-Bold.ttf' (160K)
[2018.10.19-23.26.48:259][  0]LogSlate: Took 0.000678 seconds to synchronously load lazily loaded font '../../../Engine/Content/Editor/Slate/Fonts/FontAwesome.ttf' (139K)
[2018.10.19-23.26.48:331][  0]LogRenderer: Reallocating scene render targets to support 1208x696 Format 10 NumSamples 1 (Frame:1).
[2018.10.19-23.26.48:553][  0]LogContentBrowser: Native class hierarchy updated for 'HierarchicalLODOutliner' in 0.0002 seconds. Added 0 classes and 0 folders.
[2018.10.19-23.26.48:553][  0]LogLoad: (Engine Initialization) Total time: 8.78 seconds
[2018.10.19-23.26.48:553][  0]LogLoad: (Engine Initialization) Total Blueprint compile time: 0.00 seconds
[2018.10.19-23.26.48:562][  0]LogWindowsTextInputMethodSystem: Display: IME system now deactivated.
[2018.10.19-23.26.48:580][  0]LogAssetRegistry: Asset discovery search completed in 5.3724 seconds
[2018.10.19-23.26.48:582][  0]LogCollectionManager: Rebuilt the object cache for 0 collections in 0.000001 seconds (found 0 objects)
[2018.10.19-23.26.48:582][  0]LogCollectionManager: Fixed up redirectors for 0 collections in 0.000053 seconds (updated 0 objects)
[2018.10.19-23.26.48:583][  0]LogContentStreaming: Texture pool size now 1000 MB
[2018.10.19-23.26.48:600][  0]LogSlate: Took 0.000574 seconds to synchronously load lazily loaded font '../../../Engine/Content/Slate/Fonts/Roboto-Light.ttf' (167K)
[2018.10.19-23.26.58:989][225]LogSlate: FSceneViewport::OnFocusLost() reason 0
[2018.10.19-23.27.05:840][947]LogTexture: Display: Building textures: WoodTexture004paint (AutoDXT, 2048X2048)
[2018.10.19-23.37.02:136][ 27]LogSlate: Took 0.000187 seconds to synchronously load lazily loaded font '../../../Engine/Content/Slate/Fonts/Roboto-Light.ttf' (167K)
[2018.10.19-23.37.02:146][ 27]LogFactory: FactoryCreateFile: StaticMesh with FbxFactory (0 0 C:\Users\garre\Documents\GitHub\Bulldozer\try this.obj)
[2018.10.19-23.37.02:159][ 27]LogFbx: Loading FBX Scene from C:\Users\garre\Documents\GitHub\Bulldozer\try this.obj
[2018.10.19-23.37.02:279][ 27]LogFbx: FBX Scene Loaded Succesfully
[2018.10.19-23.37.02:296][ 27]LogSlate: FSceneViewport::OnFocusLost() reason 2
[2018.10.19-23.37.13:885][ 27]LogSlate: Window 'FBX Import Options' being destroyed
[2018.10.19-23.37.13:982][ 27]LogMaterial: Display: Missing cached shader map for material pCylinder15Mat, compiling. 
[2018.10.19-23.37.13:991][ 27]LogShaderCompilers: Display: Shaders left to compile 22
[2018.10.19-23.37.13:991][ 27]LogShaderCompilers: Display: Shaders left to compile 12
[2018.10.19-23.37.13:991][ 27]LogFbx: Warning: Triangulating static mesh pCylinder15
[2018.10.19-23.37.14:523][ 27]LogStaticMesh: Building static mesh try_this...
[2018.10.19-23.37.17:281][ 27]LogShaderCompilers: Display: Shaders left to compile 2
[2018.10.19-23.37.17:281][ 27]LogStaticMesh: Built static mesh [2.76s] /Game/ThirdPersonBP/Blueprints/try_this.try_this
[2018.10.19-23.37.17:292][ 27]LogStaticMesh: Warning: try_this has degenerate tangent bases which will result in incorrect shading.  MikkTSpace relies on tangent bases and may result in mesh corruption, consider disabling this option.
[2018.10.19-23.37.17:292][ 27]LogStaticMesh: Warning: try_this has some nearly zero bi-normals which can create some issues. (Tolerance of 1E-4)
[2018.10.19-23.37.17:322][ 27]FBXImport: Warning: try_this has degenerate tangent bases which will result in incorrect shading.  MikkTSpace relies on tangent bases and may result in mesh corruption, consider disabling this option. 
[2018.10.19-23.37.17:322][ 27]FBXImport: Warning: try_this has some nearly zero bi-normals which can create some issues. (Tolerance of 1E-4) 
[2018.10.19-23.37.20:441][366]LogFileHelpers: Editor autosave (incl. sublevels) for '/Game/ThirdPersonBP/Maps/ThirdPersonExampleMap' took 0.053
[2018.10.19-23.37.20:442][366]OBJ SavePackage: Generating thumbnails for [1] asset(s) in package [/Game/ThirdPersonBP/Blueprints/try_this] ([1] browsable assets)...
[2018.10.19-23.37.20:452][366]OBJ SavePackage:     Rendered thumbnail for [StaticMesh /Game/ThirdPersonBP/Blueprints/try_this.try_this]
[2018.10.19-23.37.20:452][366]OBJ SavePackage: Finished generating thumbnails for package [/Game/ThirdPersonBP/Blueprints/try_this]
[2018.10.19-23.37.20:462][366]LogSavePackage: Moving 'C:/Users/garre/Documents/GitHub/Texture/Saved/try_this_Auto1D50787A04921636AD0AC0EB5407B458B.tmp' to 'C:/Users/garre/Documents/GitHub/Texture/Saved/Autosaves/Game/ThirdPersonBP/Blueprints/try_this_Auto1.uasset'
[2018.10.19-23.37.20:463][366]OBJ SavePackage: Generating thumbnails for [1] asset(s) in package [/Game/ThirdPersonBP/Blueprints/pCylinder15Mat] ([1] browsable assets)...
[2018.10.19-23.37.20:471][366]OBJ SavePackage:     Rendered thumbnail for [Material /Game/ThirdPersonBP/Blueprints/pCylinder15Mat.pCylinder15Mat]
[2018.10.19-23.37.20:471][366]OBJ SavePackage: Finished generating thumbnails for package [/Game/ThirdPersonBP/Blueprints/pCylinder15Mat]
[2018.10.19-23.37.20:481][366]LogSavePackage: Moving 'C:/Users/garre/Documents/GitHub/Texture/Saved/pCylinder15Mat_Auto1F63CFA664CDED4B4014FABB369974AF3.tmp' to 'C:/Users/garre/Documents/GitHub/Texture/Saved/Autosaves/Game/ThirdPersonBP/Blueprints/pCylinder15Mat_Auto1.uasset'
[2018.10.19-23.37.20:481][366]LogFileHelpers: Auto-saving content packages took 0.040
[2018.10.19-23.37.21:508][489]LogSlate: Window 'Message Log' being destroyed
[2018.10.19-23.37.21:512][489]LogSlate: Window 'Message Log' being destroyed
[2018.10.19-23.37.22:655][624]LogActorFactory: Actor Factory created try_this
[2018.10.19-23.37.23:448][718]LogActorFactory: Actor Factory created try_this
[2018.10.19-23.37.28:955][364]LogSlate: FSceneViewport::OnFocusLost() reason 0
[2018.10.19-23.37.31:307][633]LogEditorFactories: Performing atomic reimport of [C:/Users/garre/Documents/GitHub/Bulldozer/try this.obj]
[2018.10.19-23.37.31:339][633]LogFbx: Loading FBX Scene from C:/Users/garre/Documents/GitHub/Bulldozer/try this.obj
[2018.10.19-23.37.31:447][633]LogFbx: FBX Scene Loaded Succesfully
[2018.10.19-23.37.31:472][633]LogFbx: Warning: Triangulating static mesh pCylinder15
[2018.10.19-23.37.31:994][633]LogStaticMesh: Building static mesh try_this...
[2018.10.19-23.37.34:739][633]LogStaticMesh: Built static mesh [2.75s] /Game/ThirdPersonBP/Blueprints/try_this.try_this
[2018.10.19-23.37.34:746][633]LogStaticMesh: Warning: try_this has degenerate tangent bases which will result in incorrect shading.  MikkTSpace relies on tangent bases and may result in mesh corruption, consider disabling this option.
[2018.10.19-23.37.34:746][633]LogStaticMesh: Warning: try_this has some nearly zero bi-normals which can create some issues. (Tolerance of 1E-4)
[2018.10.19-23.37.34:774][633]LogEditorFactories: -- imported successfully
[2018.10.19-23.37.34:794][633]FBXImport: Warning: try_this has degenerate tangent bases which will result in incorrect shading.  MikkTSpace relies on tangent bases and may result in mesh corruption, consider disabling this option. 
[2018.10.19-23.37.34:794][633]FBXImport: Warning: try_this has some nearly zero bi-normals which can create some issues. (Tolerance of 1E-4) 
[2018.10.19-23.37.42:663][542]LogSlate: FSceneViewport::OnFocusLost() reason 0
[2018.10.19-23.37.44:283][726]LogMaterial: Display: Missing cached shader map for material LayerVisMaterial, compiling. 
[2018.10.19-23.37.44:338][726]LogShaderCompilers: Display: Shaders left to compile 8
[2018.10.19-23.37.44:338][726]LogMaterial: Display: Missing cached shader map for material SelectBrushMaterial, compiling. 
[2018.10.19-23.37.44:384][726]LogShaderCompilers: Display: Shaders left to compile 20
[2018.10.19-23.37.44:384][726]LogMaterial: Display: Missing cached shader map for material SelectBrushMaterial, compiling. 
[2018.10.19-23.37.44:409][726]LogMaterial: Display: Missing cached shader map for material MaskBrushMaterial, compiling. 
[2018.10.19-23.37.44:458][726]LogMaterial: Display: Missing cached shader map for material LandscapeLayerUsageMaterial, compiling. 
[2018.10.19-23.37.44:573][726]LogMaterial: Display: Missing cached shader map for material CircleBrushMaterial, compiling. 
[2018.10.19-23.37.44:584][726]LogMaterial: Display: Missing cached shader map for material CircleBrushMaterial, compiling. 
[2018.10.19-23.37.44:606][726]LogMaterial: Display: Missing cached shader map for material CircleBrushMaterial, compiling. 
[2018.10.19-23.37.44:620][726]LogMaterial: Display: Missing cached shader map for material CircleBrushMaterial, compiling. 
[2018.10.19-23.37.44:641][726]LogMaterial: Display: Missing cached shader map for material AlphaBrushMaterial, compiling. 
[2018.10.19-23.37.44:660][726]LogMaterial: Display: Missing cached shader map for material CircleBrushMaterial, compiling. 
[2018.10.19-23.37.44:681][726]LogMaterial: Display: Missing cached shader map for material MaskBrushMaterial, compiling. 
[2018.10.19-23.37.44:694][726]LogTexture: Display: Building textures: Texture2D_2 (G8, 128X128)
[2018.10.19-23.37.45:659][806]LogShaderCompilers: Display: Shaders left to compile 198
[2018.10.19-23.37.46:200][868]LogShaderCompilers: Display: Shaders left to compile 188
[2018.10.19-23.37.47:231][992]LogShaderCompilers: Display: Shaders left to compile 178
[2018.10.19-23.37.47:803][ 61]LogShaderCompilers: Display: Shaders left to compile 168
[2018.10.19-23.37.48:794][179]LogShaderCompilers: Display: Shaders left to compile 158
[2018.10.19-23.37.49:407][252]LogShaderCompilers: Display: Shaders left to compile 148
[2018.10.19-23.37.50:372][368]LogShaderCompilers: Display: Shaders left to compile 138
[2018.10.19-23.37.50:790][417]LogShaderCompilers: Display: Shaders left to compile 128
[2018.10.19-23.37.52:051][562]LogShaderCompilers: Display: Shaders left to compile 118
[2018.10.19-23.37.52:456][610]LogShaderCompilers: Display: Shaders left to compile 108
[2018.10.19-23.37.53:704][758]LogShaderCompilers: Display: Shaders left to compile 98
[2018.10.19-23.37.54:073][802]LogShaderCompilers: Display: Shaders left to compile 88
[2018.10.19-23.37.55:316][951]LogShaderCompilers: Display: Shaders left to compile 78
[2018.10.19-23.37.55:651][991]LogShaderCompilers: Display: Shaders left to compile 68
[2018.10.19-23.37.56:924][144]LogShaderCompilers: Display: Shaders left to compile 58
[2018.10.19-23.37.57:226][180]LogShaderCompilers: Display: Shaders left to compile 48
[2018.10.19-23.37.58:538][337]LogShaderCompilers: Display: Shaders left to compile 38
[2018.10.19-23.37.58:824][371]LogShaderCompilers: Display: Shaders left to compile 28
[2018.10.19-23.38.00:025][515]LogSlate: FSceneViewport::OnFocusLost() reason 0
[2018.10.19-23.38.00:213][538]LogShaderCompilers: Display: Shaders left to compile 18
[2018.10.19-23.38.00:458][567]LogShaderCompilers: Display: Shaders left to compile 8
[2018.10.19-23.38.10:379][747]LogSlate: FSceneViewport::OnFocusLost() reason 0
[2018.10.19-23.38.13:385][969]LogSlate: Window 'Delete Assets' being destroyed
[2018.10.19-23.38.22:367][372]LogAssetTools: Warning: Failed to import 'C:\Users\garre\Documents\GitHub\Bulldozer\Bulldozer_Final.ma'. Unknown extension 'ma'.
[2018.10.19-23.47.27:062][276]LogSavePackage: Moving 'C:/Users/garre/Documents/GitHub/Texture/Saved/ThirdPersonExampleMap_Auto240A43C244B8AC87E2B5613AA1F0A556F.tmp' to 'C:/Users/garre/Documents/GitHub/Texture/Saved/Autosaves/Game/ThirdPersonBP/Maps/ThirdPersonExampleMap_Auto2.umap'
[2018.10.19-23.47.27:065][276]LogFileHelpers: Editor autosave (incl. sublevels) for '/Game/ThirdPersonBP/Maps/ThirdPersonExampleMap' took 0.172
[2018.10.19-23.47.27:065][276]LogFileHelpers: Editor autosave (incl. sublevels) for all levels took 0.172
[2018.10.19-23.48.50:194][710]LogFactory: FactoryCreateFile: StaticMesh with FbxFactory (0 0 C:/Users/garre/Documents/GitHub/Bulldozer/Import/Maya to Unreal.fbx)
[2018.10.19-23.48.50:208][710]LogFbx: Loading FBX Scene from C:/Users/garre/Documents/GitHub/Bulldozer/Import/Maya to Unreal.fbx
[2018.10.19-23.48.50:230][710]LogFbx: FBX Scene Loaded Succesfully
[2018.10.19-23.48.52:206][710]LogSlate: Window 'FBX Import Options' being destroyed
[2018.10.19-23.48.52:221][710]LogMaterial: Display: Missing cached shader map for material lambert1, compiling. 
[2018.10.19-23.48.52:230][710]LogFbx: Warning: Triangulating static mesh pCylinder15
[2018.10.19-23.48.52:713][710]LogShaderCompilers: Display: Shaders left to compile 22
[2018.10.19-23.48.52:713][710]LogShaderCompilers: Display: Shaders left to compile 12
[2018.10.19-23.48.52:755][710]LogStaticMesh: Building static mesh Maya_to_Unreal...
[2018.10.19-23.48.55:518][710]LogShaderCompilers: Display: Shaders left to compile 2
[2018.10.19-23.48.55:518][710]LogStaticMesh: Built static mesh [2.76s] /Game/ThirdPersonBP/Blueprints/Maya_to_Unreal.Maya_to_Unreal
[2018.10.19-23.48.55:525][710]LogStaticMesh: Warning: Maya_to_Unreal has degenerate tangent bases which will result in incorrect shading.  MikkTSpace relies on tangent bases and may result in mesh corruption, consider disabling this option.
[2018.10.19-23.48.55:525][710]LogStaticMesh: Warning: Maya_to_Unreal has some nearly zero bi-normals which can create some issues. (Tolerance of 1E-4)
[2018.10.19-23.48.55:542][710]FBXImport: Warning: No smoothing group information was found in this FBX scene.  Please make sure to enable the 'Export Smoothing Groups' option in the FBX Exporter plug-in before exporting the file.  Even for tools that don't support smoothing groups, the FBX Exporter will generate appropriate smoothing data at export-time so that correct vertex normals can be inferred while importing. 
[2018.10.19-23.48.55:542][710]FBXImport: Warning: Maya_to_Unreal has degenerate tangent bases which will result in incorrect shading.  MikkTSpace relies on tangent bases and may result in mesh corruption, consider disabling this option. 
[2018.10.19-23.48.55:542][710]FBXImport: Warning: Maya_to_Unreal has some nearly zero bi-normals which can create some issues. (Tolerance of 1E-4) 
[2018.10.19-23.48.58:428][965]LogSlate: Window 'Message Log' being destroyed
[2018.10.19-23.48.58:432][965]LogSlate: Window 'Message Log' being destroyed
[2018.10.19-23.49.03:057][449]LogEditorViewport: Clicking on Actor (LMB): StaticMeshActor (Cube)
[2018.10.19-23.49.04:457][613]Cmd: DELETE
[2018.10.19-23.49.04:457][613]Cmd: ACTOR DELETE
[2018.10.19-23.49.04:459][613]LogEditorActor: Deleted Actor: StaticMeshActor
[2018.10.19-23.49.04:480][613]LogEditorActor: Deleted 1 Actors (0.022 secs)
[2018.10.19-23.49.05:210][701]LogEditorViewport: Clicking on Actor (LMB): StaticMeshActor (Cylinder)
[2018.10.19-23.49.05:484][730]Cmd: DELETE
[2018.10.19-23.49.05:484][730]Cmd: ACTOR DELETE
[2018.10.19-23.49.05:485][730]LogEditorActor: Deleted Actor: StaticMeshActor
[2018.10.19-23.49.05:504][730]LogEditorActor: Deleted 1 Actors (0.020 secs)
[2018.10.19-23.49.05:765][761]LogEditorViewport: Clicking on Actor (LMB): StaticMeshActor (Cylinder2)
[2018.10.19-23.49.05:904][774]Cmd: DELETE
[2018.10.19-23.49.05:904][774]Cmd: ACTOR DELETE
[2018.10.19-23.49.05:905][774]LogEditorActor: Deleted Actor: StaticMeshActor
[2018.10.19-23.49.05:924][774]LogEditorActor: Deleted 1 Actors (0.020 secs)
[2018.10.19-23.49.07:353][945]LogEditorViewport: Clicking on Actor (LMB): StaticMeshActor (Sphere)
[2018.10.19-23.49.07:492][958]Cmd: DELETE
[2018.10.19-23.49.07:492][958]Cmd: ACTOR DELETE
[2018.10.19-23.49.07:493][958]LogEditorActor: Deleted Actor: StaticMeshActor
[2018.10.19-23.49.07:512][958]LogEditorActor: Deleted 1 Actors (0.020 secs)
[2018.10.19-23.49.14:099][748]LogSlate: FSceneViewport::OnFocusLost() reason 0
[2018.10.19-23.49.14:453][789]LogActorFactory: Actor Factory created Maya_to_Unreal
[2018.10.19-23.49.15:401][902]LogActorFactory: Actor Factory created Maya_to_Unreal
[2018.10.19-23.49.38:190][626]LogSlate: FSceneViewport::OnFocusLost() reason 0
[2018.10.19-23.49.46:781][655]LogSlate: FSceneViewport::OnFocusLost() reason 0
[2018.10.19-23.50.19:834][609]LogSlate: FSceneViewport::OnFocusLost() reason 0
[2018.10.19-23.50.26:355][383]LogSlate: FSceneViewport::OnFocusLost() reason 0
[2018.10.19-23.50.29:311][732]LogSlate: FSceneViewport::OnFocusLost() reason 0
[2018.10.19-23.50.31:994][ 46]LogSlate: FSceneViewport::OnFocusLost() reason 0
[2018.10.19-23.50.56:116][930]LogEditorViewport: Clicking on Actor (LMB): StaticMeshActor (Maya_to_Unreal)
[2018.10.19-23.51.20:353][871]LogSlate: FSceneViewport::OnFocusLost() reason 0
[2018.10.19-23.51.24:491][352]LogSavePackage: Moving 'C:/Users/garre/Documents/GitHub/Texture/Saved/ThirdPersonExampleMap96C23B4B4DE1674674175FBC0B77E772.tmp' to 'C:/Users/garre/Documents/GitHub/Texture/Content/ThirdPersonBP/Maps/ThirdPersonExampleMap.umap'
[2018.10.19-23.51.24:590][352]LogSavePackage: Moving 'C:/Users/garre/Documents/GitHub/Texture/Saved/ThirdPersonExampleMap_BuiltData8F0C6AC54F6AC1DF303E0182CF42A5C0.tmp' to 'C:/Users/garre/Documents/GitHub/Texture/Content/ThirdPersonBP/Maps/ThirdPersonExampleMap_BuiltData.uasset'
